no change     /trinity/shared/easybuild/software/Anaconda3/2022.05/condabin/conda
no change     /trinity/shared/easybuild/software/Anaconda3/2022.05/bin/conda
no change     /trinity/shared/easybuild/software/Anaconda3/2022.05/bin/conda-env
no change     /trinity/shared/easybuild/software/Anaconda3/2022.05/bin/activate
no change     /trinity/shared/easybuild/software/Anaconda3/2022.05/bin/deactivate
no change     /trinity/shared/easybuild/software/Anaconda3/2022.05/etc/profile.d/conda.sh
no change     /trinity/shared/easybuild/software/Anaconda3/2022.05/etc/fish/conf.d/conda.fish
no change     /trinity/shared/easybuild/software/Anaconda3/2022.05/shell/condabin/Conda.psm1
no change     /trinity/shared/easybuild/software/Anaconda3/2022.05/shell/condabin/conda-hook.ps1
no change     /trinity/shared/easybuild/software/Anaconda3/2022.05/lib/python3.9/site-packages/xontrib/conda.xsh
no change     /trinity/shared/easybuild/software/Anaconda3/2022.05/etc/profile.d/conda.csh
no change     /home/alicebalard/.bashrc
no change     /home/alicebalard/.zshrc
no change     /home/alicebalard/.config/fish/config.fish
no change     /home/alicebalard/.xonshrc
no change     /home/alicebalard/.tcshrc
No action taken.
[process:1393] === Options processing starts ... ===
Found value: sortmerna
Found flag: -ref
Found value: /scratch/alicebalard/outData/sortmerna/rRNA_databases_v4/smr_v4.3_default_db.fasta of previous flag: -ref
Found flag: -reads
Found value: /scratch/alicebalard/RawData/Z2_1_trimm_paired.fastq.gz of previous flag: -reads
Found flag: -reads
Found value: /scratch/alicebalard/RawData/Z2_2_trimm_paired.fastq.gz of previous flag: -reads
Found flag: --aligned
Previous flag: --aligned is Boolean. Setting to True
Found flag: --other
Previous flag: --other is Boolean. Setting to True
Found flag: --paired_in
Previous flag: --paired_in is Boolean. Setting to True
Found flag: --fastx
Previous flag: --fastx is Boolean. Setting to True
Found flag: --out2
Previous flag: --out2 is Boolean. Setting to True
Found flag: --threads
Found value: 20 of previous flag: --threads
[process:1483] Processing option: aligned with value: 
[opt_aligned:239] Directory and Prefix for the aligned output was not provided. Using default dir/pfx: 'WORKDIR/out/aligned'
[process:1483] Processing option: fastx with value: 
[process:1483] Processing option: other with value: 
[opt_other:268] other was specified without argument. Will use default Directory and Prefix for the non-aligned output.
[process:1483] Processing option: out2 with value: 
[process:1483] Processing option: paired_in with value: 
[process:1483] Processing option: reads with value: /scratch/alicebalard/RawData/Z2_1_trimm_paired.fastq.gz
[opt_reads:98] Processing reads file [1] out of total [2] files
[process:1483] Processing option: reads with value: /scratch/alicebalard/RawData/Z2_2_trimm_paired.fastq.gz
[opt_reads:98] Processing reads file [2] out of total [2] files
[process:1483] Processing option: ref with value: /scratch/alicebalard/outData/sortmerna/rRNA_databases_v4/smr_v4.3_default_db.fasta
[opt_ref:158] Processing reference [1] out of total [1] references
[opt_ref:206] File "/scratch/alicebalard/outData/sortmerna/rRNA_databases_v4/smr_v4.3_default_db.fasta" exists and is readable
[process:1483] Processing option: threads with value: 20
[process:1503] === Options processing done ===
[process:1504] Alignment type: [best:1 num_alignments:1 min_lis:2 seeds:2]
[validate_kvdbdir:1242] 'workdir' option was not provided. Using USERDIR to set the working directory: ""
[validate_kvdbdir:1248] Key-value DB location "/home/alicebalard/sortmerna/run/kvdb"

[validate_kvdbdir:1274] [0;33mWARNING[0m: Path: "/home/alicebalard/sortmerna/run/kvdb" exists with the following content:
	"000487.sst"
	"000490.sst"
	"000513.sst"
	"000507.sst"
	"000484.sst"
	"000512.sst"
	"000440.sst"
	"MANIFEST-000004"
	"LOG"
	"000485.sst"
	"OPTIONS-000007"
	"000486.sst"
	"000515.sst"
	"000425.sst"
	"000509.sst"
	"000510.sst"
	"IDENTITY"
	"CURRENT"
	"000518.sst"
	"000516.sst"
	"LOCK"
	"000517.log"
	"000442.sst"
	"000514.sst"
	"000424.sst"
	"000426.sst"
	"000441.sst"
	Please, ensure the directory "/home/alicebalard/sortmerna/run/kvdb" is Empty prior running 'sortmerna'
