cp: failed to close ‘/home/alicebalard/OutData/././outData/sortmerna/C10/readb/rev_9.fq.gz’: Disk quota exceeded
cp: failed to close ‘/home/alicebalard/OutData/././outData/sortmerna/C10/readb/fwd_1.fq.gz’: Disk quota exceeded
cp: failed to close ‘/home/alicebalard/OutData/././outData/sortmerna/C10/readb/rev_5.fq.gz’: Disk quota exceeded
cp: failed to close ‘/home/alicebalard/OutData/././outData/sortmerna/C10/readb/rev_8.fq.gz’: Disk quota exceeded
cp: failed to close ‘/home/alicebalard/OutData/././outData/sortmerna/C10/readb/fwd_0.fq.gz’: Disk quota exceeded
cp: failed to close ‘/home/alicebalard/OutData/././outData/sortmerna/C10/readb/rev_4.fq.gz’: Disk quota exceeded
cp: failed to close ‘/home/alicebalard/OutData/././outData/sortmerna/C10/readb/rev_7.fq.gz’: Disk quota exceeded
cp: failed to close ‘/home/alicebalard/OutData/././outData/sortmerna/C10/readb/fwd_3.fq.gz’: Disk quota exceeded
cp: failed to close ‘/home/alicebalard/OutData/././outData/sortmerna/C10/readb/rev_6.fq.gz’: Disk quota exceeded
cp: failed to close ‘/home/alicebalard/OutData/././outData/sortmerna/C10/readb/fwd_2.fq.gz’: Disk quota exceeded
cp: failed to close ‘/home/alicebalard/OutData/././outData/sortmerna/C10/readb/fwd_5.fq.gz’: Disk quota exceeded
cp: failed to close ‘/home/alicebalard/OutData/././outData/sortmerna/C10/readb/rev_1.fq.gz’: Disk quota exceeded
cp: failed to close ‘/home/alicebalard/OutData/././outData/sortmerna/C10/readb/fwd_9.fq.gz’: Disk quota exceeded
cp: failed to close ‘/home/alicebalard/OutData/././outData/sortmerna/C10/readb/fwd_4.fq.gz’: Disk quota exceeded
cp: failed to close ‘/home/alicebalard/OutData/././outData/sortmerna/C10/readb/rev_0.fq.gz’: Disk quota exceeded
cp: failed to close ‘/home/alicebalard/OutData/././outData/sortmerna/C10/readb/fwd_8.fq.gz’: Disk quota exceeded
cp: failed to close ‘/home/alicebalard/OutData/././outData/sortmerna/C10/readb/rev_3.fq.gz’: Disk quota exceeded
cp: failed to close ‘/home/alicebalard/OutData/././outData/sortmerna/C10/readb/fwd_7.fq.gz’: Disk quota exceeded
cp: failed to close ‘/home/alicebalard/OutData/././outData/sortmerna/C10/readb/rev_2.fq.gz’: Disk quota exceeded
cp: failed to close ‘/home/alicebalard/OutData/././outData/sortmerna/C10/readb/fwd_6.fq.gz’: Disk quota exceeded
cp: failed to close ‘/home/alicebalard/OutData/././outData/sortmerna/C10/kvdb/000017.log’: Disk quota exceeded
cp: failed to close ‘/home/alicebalard/OutData/././outData/sortmerna/C10/kvdb/OPTIONS-000007’: Disk quota exceeded
cp: failed to close ‘/home/alicebalard/OutData/././outData/sortmerna/C10/kvdb/000018.sst’: Disk quota exceeded
cp: failed to close ‘/home/alicebalard/OutData/././outData/sortmerna/C10/kvdb/000016.sst’: Disk quota exceeded
cp: failed to close ‘/home/alicebalard/OutData/././outData/sortmerna/C10/kvdb/LOG’: Disk quota exceeded
cp: failed to close ‘/home/alicebalard/OutData/././outData/sortmerna/In9_rRNA_hits_fwd.fq.gz’: Disk quota exceeded
cp: failed to close ‘/home/alicebalard/OutData/././outData/sortmerna/C10_rRNA_hits_fwd.fq.gz’: Disk quota exceeded
cp: error writing ‘/home/alicebalard/OutData/././outData/sortmerna/Z3_rRNA_hits_fwd.fq.gz’: Disk quota exceeded
cp: failed to extend ‘/home/alicebalard/OutData/././outData/sortmerna/Z3_rRNA_hits_fwd.fq.gz’: Disk quota exceeded
cp: failed to close ‘/home/alicebalard/OutData/././outData/sortmerna/In10_rRNA_hits_fwd.fq.gz’: Disk quota exceeded
cp: failed to close ‘/home/alicebalard/OutData/././outData/sortmerna/C5_rRNA_hits_fwd.fq.gz’: Disk quota exceeded
cp: failed to close ‘/home/alicebalard/OutData/././outData/sortmerna/C6_rRNA_hits_rev.fq.gz’: Disk quota exceeded
cp: cp: 